TN:
SF:src/app.ts
FN:24,(anonymous_1)
FN:37,(anonymous_2)
FN:45,(anonymous_3)
FNF:3
FNH:0
FNDA:0,(anonymous_1)
FNDA:0,(anonymous_2)
FNDA:0,(anonymous_3)
DA:1,0
DA:2,0
DA:5,0
DA:6,0
DA:10,0
DA:15,0
DA:21,0
DA:22,0
DA:24,0
DA:32,0
DA:35,0
DA:37,0
DA:38,0
DA:45,0
DA:46,0
DA:55,0
LF:16
LH:0
BRF:0
BRH:0
end_of_record
TN:
SF:src/server.ts
FN:35,(anonymous_1)
FN:45,(anonymous_2)
FN:47,(anonymous_3)
FNF:3
FNH:0
FNDA:0,(anonymous_1)
FNDA:0,(anonymous_2)
FNDA:0,(anonymous_3)
DA:1,0
DA:2,0
DA:3,0
DA:4,0
DA:6,0
DA:7,0
DA:9,0
DA:11,0
DA:13,0
DA:15,0
DA:17,0
DA:26,0
DA:27,0
DA:28,0
DA:32,0
DA:35,0
DA:36,0
DA:37,0
DA:38,0
DA:39,0
DA:40,0
DA:41,0
DA:45,0
DA:46,0
DA:47,0
DA:48,0
DA:49,0
DA:53,0
LF:28
LH:0
BRDA:13,0,0,0
BRDA:13,0,1,0
BRDA:39,1,0,0
BRDA:39,1,1,0
BRF:4
BRH:0
end_of_record
TN:
SF:src/config/cors.ts
FN:3,configuredOrigins
FN:4,(anonymous_1)
FN:7,isAllowedCorsOrigin
FN:20,resolveCorsOrigin
FNF:4
FNH:0
FNDA:0,configuredOrigins
FNDA:0,(anonymous_1)
FNDA:0,isAllowedCorsOrigin
FNDA:0,resolveCorsOrigin
DA:1,0
DA:4,0
DA:7,0
DA:8,0
DA:10,0
DA:11,0
DA:13,0
DA:14,0
DA:17,0
DA:20,0
DA:21,0
DA:22,0
DA:23,0
DA:26,0
LF:14
LH:0
BRDA:8,0,0,0
BRDA:8,0,1,0
BRDA:11,1,0,0
BRDA:11,1,1,0
BRDA:13,2,0,0
BRDA:13,2,1,0
BRDA:13,3,0,0
BRDA:13,3,1,0
BRDA:21,4,0,0
BRDA:21,4,1,0
BRF:10
BRH:0
end_of_record
TN:
SF:src/controllers/gameController.ts
FN:6,(anonymous_0)
FN:28,(anonymous_1)
FN:63,(anonymous_2)
FN:83,(anonymous_3)
FN:118,(anonymous_4)
FN:120,(anonymous_5)
FN:142,(anonymous_6)
FNF:7
FNH:0
FNDA:0,(anonymous_0)
FNDA:0,(anonymous_1)
FNDA:0,(anonymous_2)
FNDA:0,(anonymous_3)
FNDA:0,(anonymous_4)
FNDA:0,(anonymous_5)
FNDA:0,(anonymous_6)
DA:2,0
DA:3,0
DA:6,0
DA:7,0
DA:8,0
DA:11,0
DA:20,0
DA:21,0
DA:28,0
DA:29,0
DA:30,0
DA:33,0
DA:34,0
DA:38,0
DA:41,0
DA:42,0
DA:44,0
DA:45,0
DA:49,0
DA:51,0
DA:52,0
DA:53,0
DA:54,0
DA:57,0
DA:63,0
DA:75,0
DA:76,0
DA:83,0
DA:84,0
DA:85,0
DA:88,0
DA:89,0
DA:93,0
DA:96,0
DA:97,0
DA:98,0
DA:100,0
DA:110,0
DA:111,0
DA:118,0
DA:119,0
DA:120,0
DA:126,0
DA:134,0
DA:135,0
DA:142,0
DA:143,0
DA:144,0
DA:147,0
DA:148,0
DA:152,0
DA:155,0
DA:156,0
DA:158,0
DA:159,0
DA:163,0
DA:166,0
DA:167,0
DA:171,0
DA:174,0
DA:176,0
DA:181,0
DA:182,0
LF:63
LH:0
BRDA:33,0,0,0
BRDA:33,0,1,0
BRDA:33,1,0,0
BRDA:33,1,1,0
BRDA:44,2,0,0
BRDA:44,2,1,0
BRDA:66,3,0,0
BRDA:66,3,1,0
BRDA:88,4,0,0
BRDA:88,4,1,0
BRDA:88,5,0,0
BRDA:88,5,1,0
BRDA:105,6,0,0
BRDA:105,6,1,0
BRDA:106,7,0,0
BRDA:106,7,1,0
BRDA:147,8,0,0
BRDA:147,8,1,0
BRDA:158,9,0,0
BRDA:158,9,1,0
BRDA:166,10,0,0
BRDA:166,10,1,0
BRF:22
BRH:0
end_of_record
TN:
SF:src/entities/Manager.ts
FN:13,(anonymous_0)
FN:18,(anonymous_1)
FN:23,(anonymous_2)
FN:29,(anonymous_3)
FN:31,(anonymous_4)
FN:38,(anonymous_5)
FN:49,(anonymous_6)
FN:63,(anonymous_7)
FN:66,(anonymous_8)
FN:74,(anonymous_9)
FN:76,(anonymous_10)
FN:88,(anonymous_11)
FN:89,(anonymous_12)
FN:93,(anonymous_13)
FN:94,(anonymous_14)
FN:97,(anonymous_15)
FN:102,(anonymous_16)
FN:115,(anonymous_17)
FN:118,(anonymous_18)
FNF:19
FNH:0
FNDA:0,(anonymous_0)
FNDA:0,(anonymous_1)
FNDA:0,(anonymous_2)
FNDA:0,(anonymous_3)
FNDA:0,(anonymous_4)
FNDA:0,(anonymous_5)
FNDA:0,(anonymous_6)
FNDA:0,(anonymous_7)
FNDA:0,(anonymous_8)
FNDA:0,(anonymous_9)
FNDA:0,(anonymous_10)
FNDA:0,(anonymous_11)
FNDA:0,(anonymous_12)
FNDA:0,(anonymous_13)
FNDA:0,(anonymous_14)
FNDA:0,(anonymous_15)
FNDA:0,(anonymous_16)
FNDA:0,(anonymous_17)
FNDA:0,(anonymous_18)
DA:2,0
DA:4,0
DA:5,0
DA:7,0
DA:10,0
DA:11,0
DA:14,0
DA:15,0
DA:19,0
DA:24,0
DA:25,0
DA:26,0
DA:30,0
DA:31,0
DA:32,0
DA:33,0
DA:35,0
DA:39,0
DA:40,0
DA:41,0
DA:48,0
DA:49,0
DA:50,0
DA:51,0
DA:52,0
DA:53,0
DA:55,0
DA:56,0
DA:57,0
DA:59,0
DA:64,0
DA:65,0
DA:66,0
DA:67,0
DA:68,0
DA:70,0
DA:75,0
DA:76,0
DA:77,0
DA:78,0
DA:80,0
DA:81,0
DA:83,0
DA:89,0
DA:90,0
DA:94,0
DA:98,0
DA:99,0
DA:100,0
DA:102,0
DA:104,0
DA:105,0
DA:108,0
DA:109,0
DA:111,0
DA:114,0
DA:115,0
DA:118,0
LF:58
LH:0
BRDA:32,0,0,0
BRDA:32,0,1,0
BRDA:39,1,0,0
BRDA:39,1,1,0
BRDA:39,2,0,0
BRDA:39,2,1,0
BRDA:39,2,2,0
BRDA:50,3,0,0
BRDA:50,3,1,0
BRDA:51,4,0,0
BRDA:51,4,1,0
BRDA:64,5,0,0
BRDA:64,5,1,0
BRDA:67,6,0,0
BRDA:67,6,1,0
BRDA:77,7,0,0
BRDA:77,7,1,0
BRDA:104,8,0,0
BRDA:104,8,1,0
BRDA:104,9,0,0
BRDA:104,9,1,0
BRDA:104,9,2,0
BRDA:108,10,0,0
BRDA:108,10,1,0
BRDA:108,11,0,0
BRDA:108,11,1,0
BRDA:108,11,2,0
BRDA:114,12,0,0
BRDA:114,12,1,0
BRF:29
BRH:0
end_of_record
TN:
SF:src/entities/Player.ts
FN:13,(anonymous_0)
FN:17,(anonymous_1)
FN:20,(anonymous_2)
FN:24,(anonymous_3)
FN:27,(anonymous_4)
FN:30,(anonymous_5)
FN:33,(anonymous_6)
FN:38,(anonymous_7)
FNF:8
FNH:5
FNDA:121,(anonymous_0)
FNDA:41,(anonymous_1)
FNDA:121,(anonymous_2)
FNDA:98,(anonymous_3)
FNDA:44,(anonymous_4)
FNDA:0,(anonymous_5)
FNDA:0,(anonymous_6)
FNDA:0,(anonymous_7)
DA:2,2
DA:4,2
DA:6,2
DA:9,121
DA:14,121
DA:15,121
DA:18,41
DA:21,121
DA:22,121
DA:25,98
DA:28,44
DA:31,0
DA:34,0
DA:35,0
DA:39,0
DA:40,0
DA:42,0
LF:17
LH:11
BRDA:39,0,0,0
BRDA:39,0,1,0
BRDA:39,1,0,0
BRDA:39,1,1,0
BRF:4
BRH:0
end_of_record
TN:
SF:src/entities/game/Game.ts
FN:80,(anonymous_0)
FN:98,(anonymous_1)
FN:105,(anonymous_2)
FN:113,(anonymous_3)
FN:136,(anonymous_4)
FN:153,(anonymous_5)
FN:159,(anonymous_6)
FN:160,(anonymous_7)
FN:163,(anonymous_8)
FN:173,(anonymous_9)
FN:184,(anonymous_10)
FN:196,(anonymous_11)
FN:197,(anonymous_12)
FN:212,(anonymous_13)
FN:213,(anonymous_14)
FN:223,(anonymous_15)
FN:228,(anonymous_16)
FN:232,(anonymous_17)
FN:238,(anonymous_18)
FN:259,(anonymous_19)
FN:260,(anonymous_20)
FN:271,(anonymous_21)
FN:309,(anonymous_22)
FN:315,(anonymous_23)
FN:336,(anonymous_24)
FN:342,(anonymous_25)
FN:360,(anonymous_26)
FN:366,(anonymous_27)
FN:369,(anonymous_28)
FN:372,(anonymous_29)
FN:372,(anonymous_30)
FN:377,(anonymous_31)
FN:382,(anonymous_32)
FN:388,(anonymous_33)
FN:397,(anonymous_34)
FN:409,(anonymous_35)
FN:421,(anonymous_36)
FN:431,(anonymous_37)
FN:432,(anonymous_38)
FN:450,(anonymous_39)
FN:456,(anonymous_40)
FN:458,(anonymous_41)
FN:464,(anonymous_42)
FN:465,(anonymous_43)
FN:477,(anonymous_44)
FN:486,(anonymous_45)
FN:506,(anonymous_46)
FN:557,(anonymous_47)
FN:563,(anonymous_48)
FN:571,(anonymous_49)
FN:575,(anonymous_50)
FN:592,(anonymous_51)
FN:593,(anonymous_52)
FN:604,BuildGameSnapshot
FN:614,(anonymous_54)
FN:619,(anonymous_55)
FN:624,(anonymous_56)
FN:641,(anonymous_57)
FN:642,(anonymous_58)
FN:646,(anonymous_59)
FN:650,(anonymous_60)
FN:665,buildPlayerPrivateData
FN:678,(anonymous_62)
FN:694,resolveEliminatedPlayer
FN:702,(anonymous_64)
FNF:65
FNH:5
FNDA:61,(anonymous_0)
FNDA:549,(anonymous_1)
FNDA:0,(anonymous_2)
FNDA:0,(anonymous_3)
FNDA:0,(anonymous_4)
FNDA:0,(anonymous_5)
FNDA:0,(anonymous_6)
FNDA:0,(anonymous_7)
FNDA:0,(anonymous_8)
FNDA:0,(anonymous_9)
FNDA:0,(anonymous_10)
FNDA:0,(anonymous_11)
FNDA:0,(anonymous_12)
FNDA:0,(anonymous_13)
FNDA:0,(anonymous_14)
FNDA:0,(anonymous_15)
FNDA:0,(anonymous_16)
FNDA:0,(anonymous_17)
FNDA:0,(anonymous_18)
FNDA:1,(anonymous_19)
FNDA:3,(anonymous_20)
FNDA:0,(anonymous_21)
FNDA:0,(anonymous_22)
FNDA:0,(anonymous_23)
FNDA:0,(anonymous_24)
FNDA:0,(anonymous_25)
FNDA:0,(anonymous_26)
FNDA:0,(anonymous_27)
FNDA:0,(anonymous_28)
FNDA:0,(anonymous_29)
FNDA:0,(anonymous_30)
FNDA:0,(anonymous_31)
FNDA:0,(anonymous_32)
FNDA:0,(anonymous_33)
FNDA:0,(anonymous_34)
FNDA:0,(anonymous_35)
FNDA:0,(anonymous_36)
FNDA:0,(anonymous_37)
FNDA:0,(anonymous_38)
FNDA:0,(anonymous_39)
FNDA:0,(anonymous_40)
FNDA:0,(anonymous_41)
FNDA:0,(anonymous_42)
FNDA:0,(anonymous_43)
FNDA:0,(anonymous_44)
FNDA:0,(anonymous_45)
FNDA:0,(anonymous_46)
FNDA:0,(anonymous_47)
FNDA:0,(anonymous_48)
FNDA:61,(anonymous_49)
FNDA:0,(anonymous_50)
FNDA:0,(anonymous_51)
FNDA:0,(anonymous_52)
FNDA:0,BuildGameSnapshot
FNDA:0,(anonymous_54)
FNDA:0,(anonymous_55)
FNDA:0,(anonymous_56)
FNDA:0,(anonymous_57)
FNDA:0,(anonymous_58)
FNDA:0,(anonymous_59)
FNDA:0,(anonymous_60)
FNDA:0,buildPlayerPrivateData
FNDA:0,(anonymous_62)
FNDA:0,resolveEliminatedPlayer
FNDA:0,(anonymous_64)
DA:1,2
DA:22,2
DA:24,2
DA:25,2
DA:26,2
DA:30,2
DA:31,61
DA:32,61
DA:33,61
DA:34,61
DA:35,61
DA:36,61
DA:38,61
DA:41,61
DA:43,61
DA:44,61
DA:47,61
DA:48,61
DA:49,61
DA:50,61
DA:51,61
DA:52,61
DA:53,61
DA:56,61
DA:57,61
DA:58,61
DA:59,61
DA:60,61
DA:65,61
DA:66,61
DA:68,61
DA:69,61
DA:70,61
DA:71,61
DA:72,61
DA:74,61
DA:75,61
DA:81,61
DA:84,61
DA:85,61
DA:87,61
DA:88,61
DA:89,61
DA:91,61
DA:92,61
DA:94,61
DA:95,61
DA:97,61
DA:98,549
DA:100,61
DA:106,0
DA:107,0
DA:109,0
DA:110,0
DA:113,0
DA:114,0
DA:115,0
DA:116,0
DA:121,0
DA:122,0
DA:123,0
DA:124,0
DA:125,0
DA:126,0
DA:129,0
DA:130,0
DA:131,0
DA:133,0
DA:137,0
DA:138,0
DA:139,0
DA:140,0
DA:141,0
DA:143,0
DA:144,0
DA:146,0
DA:147,0
DA:150,0
DA:154,0
DA:156,0
DA:160,0
DA:161,0
DA:163,0
DA:164,0
DA:168,0
DA:169,0
DA:170,0
DA:171,0
DA:173,0
DA:174,0
DA:176,0
DA:177,0
DA:178,0
DA:181,0
DA:184,0
DA:185,0
DA:186,0
DA:189,0
DA:193,0
DA:197,0
DA:198,0
DA:200,0
DA:202,0
DA:203,0
DA:204,0
DA:205,0
DA:208,0
DA:213,0
DA:214,0
DA:216,0
DA:217,0
DA:219,0
DA:220,0
DA:221,0
DA:223,0
DA:224,0
DA:225,0
DA:226,0
DA:228,0
DA:229,0
DA:231,0
DA:232,0
DA:233,0
DA:234,0
DA:238,0
DA:239,0
DA:240,0
DA:241,0
DA:247,0
DA:248,0
DA:251,0
DA:256,0
DA:260,3
DA:261,1
DA:262,1
DA:265,0
DA:266,0
DA:272,0
DA:273,0
DA:276,0
DA:277,0
DA:278,0
DA:279,0
DA:282,0
DA:285,0
DA:286,0
DA:292,0
DA:293,0
DA:294,0
DA:299,0
DA:301,0
DA:307,0
DA:308,0
DA:309,0
DA:310,0
DA:312,0
DA:316,0
DA:317,0
DA:319,0
DA:321,0
DA:323,0
DA:324,0
DA:325,0
DA:326,0
DA:328,0
DA:331,0
DA:337,0
DA:339,0
DA:343,0
DA:344,0
DA:346,0
DA:347,0
DA:348,0
DA:350,0
DA:351,0
DA:353,0
DA:357,0
DA:361,0
DA:362,0
DA:363,0
DA:365,0
DA:366,0
DA:368,0
DA:369,0
DA:371,0
DA:372,0
DA:374,0
DA:378,0
DA:379,0
DA:383,0
DA:389,0
DA:390,0
DA:391,0
DA:393,0
DA:395,0
DA:397,0
DA:398,0
DA:399,0
DA:401,0
DA:402,0
DA:403,0
DA:404,0
DA:410,0
DA:411,0
DA:413,0
DA:414,0
DA:416,0
DA:422,0
DA:423,0
DA:424,0
DA:425,0
DA:427,0
DA:428,0
DA:432,0
DA:433,0
DA:435,0
DA:436,0
DA:437,0
DA:441,0
DA:445,0
DA:446,0
DA:451,0
DA:452,0
DA:454,0
DA:456,0
DA:457,0
DA:458,0
DA:461,0
DA:463,0
DA:464,0
DA:465,0
DA:466,0
DA:468,0
DA:469,0
DA:474,0
DA:478,0
DA:479,0
DA:481,0
DA:483,0
DA:484,0
DA:486,0
DA:487,0
DA:488,0
DA:490,0
DA:491,0
DA:497,0
DA:498,0
DA:499,0
DA:500,0
DA:501,0
DA:507,0
DA:508,0
DA:509,0
DA:512,0
DA:513,0
DA:514,0
DA:515,0
DA:516,0
DA:519,0
DA:520,0
DA:521,0
DA:522,0
DA:524,0
DA:525,0
DA:528,0
DA:529,0
DA:530,0
DA:531,0
DA:532,0
DA:534,0
DA:535,0
DA:536,0
DA:538,0
DA:539,0
DA:540,0
DA:541,0
DA:543,0
DA:544,0
DA:545,0
DA:546,0
DA:548,0
DA:550,0
DA:551,0
DA:552,0
DA:554,0
DA:556,0
DA:557,0
DA:559,0
DA:560,0
DA:564,0
DA:565,0
DA:566,0
DA:572,61
DA:576,0
DA:577,0
DA:579,0
DA:580,0
DA:581,0
DA:582,0
DA:584,0
DA:585,0
DA:588,0
DA:593,0
DA:594,0
DA:595,0
DA:604,2
DA:608,0
DA:610,0
DA:614,0
DA:619,0
DA:624,0
DA:641,0
DA:642,0
DA:646,0
DA:650,0
DA:670,0
DA:671,0
DA:673,0
DA:676,0
DA:677,0
DA:678,0
DA:680,0
DA:695,0
DA:696,0
DA:697,0
DA:698,0
DA:701,0
DA:702,0
LF:328
LH:55
BRDA:106,0,0,0
BRDA:106,0,1,0
BRDA:109,1,0,0
BRDA:109,1,1,0
BRDA:114,2,0,0
BRDA:114,2,1,0
BRDA:115,3,0,0
BRDA:115,3,1,0
BRDA:124,4,0,0
BRDA:124,4,1,0
BRDA:139,5,0,0
BRDA:139,5,1,0
BRDA:146,6,0,0
BRDA:146,6,1,0
BRDA:161,7,0,0
BRDA:161,7,1,0
BRDA:168,8,0,0
BRDA:168,8,1,0
BRDA:168,9,0,0
BRDA:168,9,1,0
BRDA:169,10,0,0
BRDA:169,10,1,0
BRDA:176,11,0,0
BRDA:176,11,1,0
BRDA:185,12,0,0
BRDA:185,12,1,0
BRDA:198,13,0,0
BRDA:198,13,1,0
BRDA:202,14,0,0
BRDA:202,14,1,0
BRDA:202,15,0,0
BRDA:202,15,1,0
BRDA:214,16,0,0
BRDA:214,16,1,0
BRDA:219,17,0,0
BRDA:219,17,1,0
BRDA:219,18,0,0
BRDA:219,18,1,0
BRDA:220,19,0,0
BRDA:220,19,1,0
BRDA:224,20,0,0
BRDA:224,20,1,0
BRDA:231,21,0,0
BRDA:231,21,1,0
BRDA:239,22,0,0
BRDA:239,22,1,0
BRDA:240,23,0,0
BRDA:240,23,1,0
BRDA:261,24,0,1
BRDA:261,24,1,0
BRDA:272,25,0,0
BRDA:272,25,1,0
BRDA:276,26,0,0
BRDA:276,26,1,0
BRDA:278,27,0,0
BRDA:278,27,1,0
BRDA:316,28,0,0
BRDA:316,28,1,0
BRDA:323,29,0,0
BRDA:323,29,1,0
BRDA:324,30,0,0
BRDA:324,30,1,0
BRDA:343,31,0,0
BRDA:343,31,1,0
BRDA:350,32,0,0
BRDA:350,32,1,0
BRDA:362,33,0,0
BRDA:362,33,1,0
BRDA:401,34,0,0
BRDA:401,34,1,0
BRDA:410,35,0,0
BRDA:410,35,1,0
BRDA:413,36,0,0
BRDA:413,36,1,0
BRDA:422,37,0,0
BRDA:422,37,1,0
BRDA:424,38,0,0
BRDA:424,38,1,0
BRDA:432,39,0,0
BRDA:432,39,1,0
BRDA:436,40,0,0
BRDA:436,40,1,0
BRDA:445,41,0,0
BRDA:445,41,1,0
BRDA:451,42,0,0
BRDA:451,42,1,0
BRDA:454,43,0,0
BRDA:454,43,1,0
BRDA:461,44,0,0
BRDA:461,44,1,0
BRDA:470,45,0,0
BRDA:470,45,1,0
BRDA:487,46,0,0
BRDA:487,46,1,0
BRDA:531,47,0,0
BRDA:531,47,1,0
BRDA:534,48,0,0
BRDA:534,48,1,0
BRDA:576,49,0,0
BRDA:576,49,1,0
BRDA:581,50,0,0
BRDA:581,50,1,0
BRDA:581,51,0,0
BRDA:581,51,1,0
BRDA:584,52,0,0
BRDA:584,52,1,0
BRDA:594,53,0,0
BRDA:594,53,1,0
BRDA:617,54,0,0
BRDA:617,54,1,0
BRDA:621,55,0,0
BRDA:621,55,1,0
BRDA:629,56,0,0
BRDA:629,56,1,0
BRDA:633,57,0,0
BRDA:633,57,1,0
BRDA:634,58,0,0
BRDA:634,58,1,0
BRDA:635,59,0,0
BRDA:635,59,1,0
BRDA:637,60,0,0
BRDA:637,60,1,0
BRDA:638,61,0,0
BRDA:638,61,1,0
BRDA:639,62,0,0
BRDA:639,62,1,0
BRDA:640,63,0,0
BRDA:640,63,1,0
BRDA:642,64,0,0
BRDA:642,64,1,0
BRDA:644,65,0,0
BRDA:644,65,1,0
BRDA:646,66,0,0
BRDA:646,66,1,0
BRDA:649,67,0,0
BRDA:649,67,1,0
BRDA:656,68,0,0
BRDA:656,68,1,0
BRDA:657,69,0,0
BRDA:657,69,1,0
BRDA:660,70,0,0
BRDA:660,70,1,0
BRDA:681,71,0,0
BRDA:681,71,1,0
BRDA:682,72,0,0
BRDA:682,72,1,0
BRDA:683,73,0,0
BRDA:683,73,1,0
BRDA:684,74,0,0
BRDA:684,74,1,0
BRDA:688,75,0,0
BRDA:688,75,1,0
BRDA:689,76,0,0
BRDA:689,76,1,0
BRDA:697,77,0,0
BRDA:697,77,1,0
BRDA:698,78,0,0
BRDA:698,78,1,0
BRDA:701,79,0,0
BRDA:701,79,1,0
BRDA:702,80,0,0
BRDA:702,80,1,0
BRF:162
BRH:1
end_of_record
TN:
SF:src/entities/game/NightPhaseManager.ts
FN:30,(anonymous_0)
FN:32,(anonymous_1)
FN:36,(anonymous_2)
FN:38,(anonymous_3)
FN:47,(anonymous_4)
FN:51,(anonymous_5)
FN:59,(anonymous_6)
FN:64,(anonymous_7)
FN:69,(anonymous_8)
FN:81,(anonymous_9)
FN:92,(anonymous_10)
FN:108,(anonymous_11)
FN:121,(anonymous_12)
FN:139,(anonymous_13)
FN:151,(anonymous_14)
FN:158,(anonymous_15)
FN:160,(anonymous_16)
FN:192,(anonymous_17)
FN:194,(anonymous_18)
FN:239,(anonymous_19)
FN:271,(anonymous_20)
FN:332,(anonymous_21)
FN:347,(anonymous_22)
FN:348,(anonymous_23)
FN:372,(anonymous_24)
FN:391,(anonymous_25)
FN:392,(anonymous_26)
FN:396,(anonymous_27)
FN:399,(anonymous_28)
FN:407,(anonymous_29)
FN:408,(anonymous_30)
FN:425,(anonymous_31)
FN:426,(anonymous_32)
FN:431,(anonymous_33)
FN:460,(anonymous_34)
FN:463,(anonymous_35)
FN:472,(anonymous_36)
FN:476,(anonymous_37)
FNF:38
FNH:1
FNDA:61,(anonymous_0)
FNDA:0,(anonymous_1)
FNDA:0,(anonymous_2)
FNDA:0,(anonymous_3)
FNDA:0,(anonymous_4)
FNDA:0,(anonymous_5)
FNDA:0,(anonymous_6)
FNDA:0,(anonymous_7)
FNDA:0,(anonymous_8)
FNDA:0,(anonymous_9)
FNDA:0,(anonymous_10)
FNDA:0,(anonymous_11)
FNDA:0,(anonymous_12)
FNDA:0,(anonymous_13)
FNDA:0,(anonymous_14)
FNDA:0,(anonymous_15)
FNDA:0,(anonymous_16)
FNDA:0,(anonymous_17)
FNDA:0,(anonymous_18)
FNDA:0,(anonymous_19)
FNDA:0,(anonymous_20)
FNDA:0,(anonymous_21)
FNDA:0,(anonymous_22)
FNDA:0,(anonymous_23)
FNDA:0,(anonymous_24)
FNDA:0,(anonymous_25)
FNDA:0,(anonymous_26)
FNDA:0,(anonymous_27)
FNDA:0,(anonymous_28)
FNDA:0,(anonymous_29)
FNDA:0,(anonymous_30)
FNDA:0,(anonymous_31)
FNDA:0,(anonymous_32)
FNDA:0,(anonymous_33)
FNDA:0,(anonymous_34)
FNDA:0,(anonymous_35)
FNDA:0,(anonymous_36)
FNDA:0,(anonymous_37)
DA:3,2
DA:11,2
DA:12,61
DA:27,61
DA:28,61
DA:30,61
DA:33,0
DA:37,0
DA:38,0
DA:39,0
DA:40,0
DA:41,0
DA:43,0
DA:48,0
DA:50,0
DA:51,0
DA:52,0
DA:54,0
DA:56,0
DA:57,0
DA:59,0
DA:60,0
DA:61,0
DA:64,0
DA:65,0
DA:70,0
DA:71,0
DA:72,0
DA:74,0
DA:75,0
DA:76,0
DA:78,0
DA:79,0
DA:81,0
DA:82,0
DA:83,0
DA:84,0
DA:85,0
DA:89,0
DA:93,0
DA:94,0
DA:95,0
DA:98,0
DA:100,0
DA:101,0
DA:102,0
DA:103,0
DA:104,0
DA:106,0
DA:108,0
DA:109,0
DA:110,0
DA:111,0
DA:112,0
DA:116,0
DA:117,0
DA:120,0
DA:121,0
DA:123,0
DA:124,0
DA:126,0
DA:127,0
DA:130,0
DA:131,0
DA:134,0
DA:135,0
DA:138,0
DA:139,0
DA:140,0
DA:142,0
DA:143,0
DA:144,0
DA:146,0
DA:147,0
DA:150,0
DA:151,0
DA:152,0
DA:154,0
DA:158,0
DA:159,0
DA:160,0
DA:161,0
DA:162,0
DA:163,0
DA:164,0
DA:166,0
DA:167,0
DA:169,0
DA:174,0
DA:178,0
DA:180,0
DA:181,0
DA:183,0
DA:185,0
DA:188,0
DA:193,0
DA:194,0
DA:196,0
DA:202,0
DA:205,0
DA:206,0
DA:207,0
DA:210,0
DA:211,0
DA:212,0
DA:215,0
DA:216,0
DA:217,0
DA:220,0
DA:221,0
DA:222,0
DA:225,0
DA:226,0
DA:227,0
DA:231,0
DA:232,0
DA:233,0
DA:235,0
DA:236,0
DA:237,0
DA:238,0
DA:239,0
DA:240,0
DA:245,0
DA:246,0
DA:248,0
DA:250,0
DA:251,0
DA:256,0
DA:257,0
DA:258,0
DA:259,0
DA:263,0
DA:264,0
DA:265,0
DA:266,0
DA:271,0
DA:272,0
DA:273,0
DA:274,0
DA:279,0
DA:280,0
DA:281,0
DA:282,0
DA:286,0
DA:287,0
DA:288,0
DA:289,0
DA:294,0
DA:295,0
DA:296,0
DA:298,0
DA:299,0
DA:301,0
DA:302,0
DA:303,0
DA:304,0
DA:305,0
DA:307,0
DA:308,0
DA:312,0
DA:316,0
DA:320,0
DA:321,0
DA:322,0
DA:324,0
DA:325,0
DA:327,0
DA:328,0
DA:333,0
DA:334,0
DA:335,0
DA:337,0
DA:338,0
DA:339,0
DA:348,0
DA:350,0
DA:352,0
DA:353,0
DA:354,0
DA:355,0
DA:356,0
DA:362,0
DA:367,0
DA:368,0
DA:372,0
DA:373,0
DA:377,0
DA:378,0
DA:382,0
DA:383,0
DA:387,0
DA:392,0
DA:393,0
DA:396,0
DA:397,0
DA:398,0
DA:399,0
DA:400,0
DA:401,0
DA:402,0
DA:403,0
DA:406,0
DA:407,0
DA:408,0
DA:411,0
DA:417,0
DA:419,0
DA:420,0
DA:426,0
DA:428,0
DA:431,0
DA:432,0
DA:433,0
DA:434,0
DA:435,0
DA:436,0
DA:444,0
DA:452,0
DA:454,0
DA:455,0
DA:461,0
DA:463,0
DA:472,0
DA:473,0
DA:476,0
DA:477,0
DA:478,0
DA:480,0
DA:481,0
DA:482,0
DA:485,0
DA:491,0
DA:494,0
DA:495,0
LF:235
LH:6
BRDA:40,0,0,0
BRDA:40,0,1,0
BRDA:52,1,0,0
BRDA:52,1,1,0
BRDA:70,2,0,0
BRDA:70,2,1,0
BRDA:74,3,0,0
BRDA:74,3,1,0
BRDA:82,4,0,0
BRDA:82,4,1,0
BRDA:93,5,0,0
BRDA:93,5,1,0
BRDA:100,6,0,0
BRDA:100,6,1,0
BRDA:102,7,0,0
BRDA:102,7,1,0
BRDA:109,8,0,0
BRDA:109,8,1,0
BRDA:120,9,0,0
BRDA:120,9,1,0
BRDA:126,10,0,0
BRDA:126,10,1,0
BRDA:130,11,0,0
BRDA:130,11,1,0
BRDA:134,12,0,0
BRDA:134,12,1,0
BRDA:138,13,0,0
BRDA:138,13,1,0
BRDA:140,14,0,0
BRDA:140,14,1,0
BRDA:146,15,0,0
BRDA:146,15,1,0
BRDA:159,16,0,0
BRDA:159,16,1,0
BRDA:161,17,0,0
BRDA:161,17,1,0
BRDA:166,18,0,0
BRDA:166,18,1,0
BRDA:180,19,0,0
BRDA:180,19,1,0
BRDA:202,20,0,0
BRDA:202,20,1,0
BRDA:202,20,2,0
BRDA:202,20,3,0
BRDA:202,20,4,0
BRDA:202,20,5,0
BRDA:202,20,6,0
BRDA:202,20,7,0
BRDA:202,20,8,0
BRDA:202,20,9,0
BRDA:202,20,10,0
BRDA:202,20,11,0
BRDA:202,20,12,0
BRDA:233,21,0,0
BRDA:233,21,1,0
BRDA:233,21,2,0
BRDA:235,22,0,0
BRDA:235,22,1,0
BRDA:238,23,0,0
BRDA:238,23,1,0
BRDA:245,24,0,0
BRDA:245,24,1,0
BRDA:298,25,0,0
BRDA:298,25,1,0
BRDA:301,26,0,0
BRDA:301,26,1,0
BRDA:305,27,0,0
BRDA:305,27,1,0
BRDA:307,28,0,0
BRDA:307,28,1,0
BRDA:324,29,0,0
BRDA:324,29,1,0
BRDA:333,30,0,0
BRDA:333,30,1,0
BRDA:337,31,0,0
BRDA:337,31,1,0
BRDA:350,32,0,0
BRDA:350,32,1,0
BRDA:350,32,2,0
BRDA:350,32,3,0
BRDA:350,32,4,0
BRDA:350,32,5,0
BRDA:352,33,0,0
BRDA:352,33,1,0
BRDA:352,34,0,0
BRDA:352,34,1,0
BRDA:355,35,0,0
BRDA:355,35,1,0
BRDA:393,36,0,0
BRDA:393,36,1,0
BRDA:393,36,2,0
BRDA:400,37,0,0
BRDA:400,37,1,0
BRDA:402,38,0,0
BRDA:402,38,1,0
BRDA:403,39,0,0
BRDA:403,39,1,0
BRDA:408,40,0,0
BRDA:408,40,1,0
BRDA:419,41,0,0
BRDA:419,41,1,0
BRDA:428,42,0,0
BRDA:428,42,1,0
BRDA:428,42,2,0
BRDA:440,43,0,0
BRDA:440,43,1,0
BRDA:454,44,0,0
BRDA:454,44,1,0
BRDA:473,45,0,0
BRDA:473,45,1,0
BRDA:473,45,2,0
BRDA:480,46,0,0
BRDA:480,46,1,0
BRDA:494,47,0,0
BRDA:494,47,1,0
BRF:115
BRH:0
end_of_record
TN:
SF:src/entities/game/RoleAssigner.ts
FN:6,getRoleDistribution
FN:32,(anonymous_1)
FN:38,(anonymous_2)
FN:68,(anonymous_3)
FN:78,(anonymous_4)
FN:79,(anonymous_5)
FN:96,(anonymous_6)
FN:101,(anonymous_7)
FN:110,(anonymous_8)
FN:114,(anonymous_9)
FN:115,(anonymous_10)
FN:117,(anonymous_11)
FN:123,(anonymous_12)
FNF:13
FNH:4
FNDA:61,getRoleDistribution
FNDA:61,(anonymous_1)
FNDA:61,(anonymous_2)
FNDA:0,(anonymous_3)
FNDA:0,(anonymous_4)
FNDA:0,(anonymous_5)
FNDA:0,(anonymous_6)
FNDA:61,(anonymous_7)
FNDA:0,(anonymous_8)
FNDA:0,(anonymous_9)
FNDA:0,(anonymous_10)
FNDA:0,(anonymous_11)
FNDA:0,(anonymous_12)
DA:1,2
DA:2,2
DA:7,61
DA:8,61
DA:9,0
DA:11,61
DA:27,2
DA:30,61
DA:32,61
DA:33,61
DA:34,61
DA:35,61
DA:39,61
DA:40,61
DA:42,61
DA:45,427
DA:46,61
DA:49,366
DA:50,61
DA:51,122
DA:52,122
DA:53,122
DA:54,122
DA:55,122
DA:58,61
DA:61,305
DA:62,305
DA:65,61
DA:69,0
DA:70,0
DA:72,0
DA:73,0
DA:74,0
DA:79,0
DA:81,0
DA:82,0
DA:83,0
DA:86,0
DA:87,0
DA:88,0
DA:89,0
DA:91,0
DA:92,0
DA:93,0
DA:96,0
DA:97,0
DA:102,61
DA:104,61
DA:105,61
DA:107,61
DA:111,0
DA:113,0
DA:114,0
DA:115,0
DA:117,0
DA:119,0
DA:120,0
DA:122,0
DA:123,0
DA:124,0
DA:126,0
DA:128,0
LF:62
LH:31
BRDA:8,0,0,0
BRDA:8,0,1,61
BRDA:8,1,0,61
BRDA:8,1,1,61
BRDA:45,2,0,61
BRDA:45,2,1,366
BRDA:49,3,0,61
BRDA:49,3,1,305
BRDA:53,4,0,122
BRDA:53,4,1,0
BRDA:72,5,0,0
BRDA:72,5,1,0
BRDA:81,6,0,0
BRDA:81,6,1,0
BRDA:91,7,0,0
BRDA:91,7,1,0
BRDA:124,8,0,0
BRDA:124,8,1,0
BRF:18
BRH:8
end_of_record
TN:
SF:src/entities/game/VoteResolver.ts
FN:8,(anonymous_0)
FN:10,(anonymous_1)
FN:25,(anonymous_2)
FN:26,(anonymous_3)
FN:27,(anonymous_4)
FN:33,(anonymous_5)
FN:39,(anonymous_6)
FN:39,(anonymous_7)
FN:42,(anonymous_8)
FN:50,(anonymous_9)
FN:94,(anonymous_10)
FN:99,(anonymous_11)
FNF:12
FNH:1
FNDA:61,(anonymous_0)
FNDA:0,(anonymous_1)
FNDA:0,(anonymous_2)
FNDA:0,(anonymous_3)
FNDA:0,(anonymous_4)
FNDA:0,(anonymous_5)
FNDA:0,(anonymous_6)
FNDA:0,(anonymous_7)
FNDA:0,(anonymous_8)
FNDA:0,(anonymous_9)
FNDA:0,(anonymous_10)
FNDA:0,(anonymous_11)
DA:1,2
DA:5,2
DA:7,2
DA:8,61
DA:11,0
DA:13,0
DA:14,0
DA:15,0
DA:16,0
DA:18,0
DA:22,0
DA:26,0
DA:27,0
DA:28,0
DA:29,0
DA:32,0
DA:33,0
DA:38,0
DA:39,0
DA:41,0
DA:43,0
DA:44,0
DA:47,0
DA:48,0
DA:50,0
DA:51,0
DA:52,0
DA:55,0
DA:56,0
DA:58,0
DA:62,0
DA:66,0
DA:68,0
DA:69,0
DA:70,0
DA:71,0
DA:72,0
DA:75,0
DA:76,0
DA:79,0
DA:81,0
DA:82,0
DA:83,0
DA:84,0
DA:85,0
DA:86,0
DA:88,0
DA:91,0
DA:95,0
DA:96,0
DA:98,0
DA:99,0
DA:101,0
DA:102,0
DA:103,0
DA:105,0
DA:113,0
LF:57
LH:4
BRDA:15,0,0,0
BRDA:15,0,1,0
BRDA:28,1,0,0
BRDA:28,1,1,0
BRDA:38,2,0,0
BRDA:38,2,1,0
BRDA:41,3,0,0
BRDA:41,3,1,0
BRDA:47,4,0,0
BRDA:47,4,1,0
BRDA:55,5,0,0
BRDA:55,5,1,0
BRDA:68,6,0,0
BRDA:68,6,1,0
BRDA:70,7,0,0
BRDA:70,7,1,0
BRDA:81,8,0,0
BRDA:81,8,1,0
BRDA:83,9,0,0
BRDA:83,9,1,0
BRDA:85,10,0,0
BRDA:85,10,1,0
BRDA:103,11,0,0
BRDA:103,11,1,0
BRDA:108,12,0,0
BRDA:108,12,1,0
BRF:26
BRH:0
end_of_record
TN:
SF:src/entities/roles/Clone.ts
FN:16,(anonymous_0)
FN:27,(anonymous_1)
FN:31,(anonymous_2)
FN:32,(anonymous_3)
FN:101,(anonymous_4)
FN:109,(anonymous_5)
FN:109,(anonymous_6)
FNF:7
FNH:7
FNDA:21,(anonymous_0)
FNDA:23,(anonymous_1)
FNDA:22,(anonymous_2)
FNDA:22,(anonymous_3)
FNDA:9,(anonymous_4)
FNDA:19,(anonymous_5)
FNDA:12,(anonymous_6)
DA:2,2
DA:5,2
DA:7,2
DA:8,2
DA:9,2
DA:16,21
DA:21,2
DA:23,23
DA:24,23
DA:25,23
DA:28,23
DA:32,22
DA:33,22
DA:34,1
DA:37,21
DA:38,0
DA:41,21
DA:42,1
DA:45,20
DA:46,20
DA:47,20
DA:49,20
DA:50,20
DA:51,20
DA:52,20
DA:54,20
DA:55,20
DA:57,20
DA:58,4
DA:59,16
DA:60,9
DA:62,2
DA:65,2
DA:68,2
DA:71,2
DA:74,3
DA:77,3
DA:80,2
DA:83,2
DA:86,0
DA:89,0
DA:92,0
DA:95,0
DA:99,20
DA:100,20
DA:101,9
DA:107,20
DA:108,20
DA:109,19
DA:112,20
LF:50
LH:45
BRDA:33,0,0,1
BRDA:33,0,1,21
BRDA:37,1,0,0
BRDA:37,1,1,21
BRDA:41,2,0,1
BRDA:41,2,1,20
BRDA:57,3,0,4
BRDA:57,3,1,16
BRDA:59,4,0,9
BRDA:59,4,1,7
BRDA:60,5,0,2
BRDA:60,5,1,2
BRDA:60,5,2,3
BRDA:60,5,3,2
BRDA:60,5,4,0
BRDA:60,5,5,0
BRDA:100,6,0,3
BRDA:100,6,1,17
BRDA:100,7,0,20
BRDA:100,7,1,7
BRDA:100,7,2,4
BRDA:108,8,0,7
BRDA:108,8,1,13
BRDA:108,9,0,20
BRDA:108,9,1,7
BRDA:108,9,2,4
BRDA:108,9,3,2
BRDA:108,9,4,0
BRDA:120,10,0,7
BRDA:120,10,1,13
BRDA:120,11,0,13
BRDA:120,11,1,0
BRF:32
BRH:27
end_of_record
TN:
SF:src/entities/roles/Drunk.ts
FN:11,(anonymous_0)
FN:22,(anonymous_1)
FN:26,(anonymous_2)
FN:27,(anonymous_3)
FN:37,(anonymous_4)
FNF:5
FNH:5
FNDA:4,(anonymous_0)
FNDA:108,(anonymous_1)
FNDA:8,(anonymous_2)
FNDA:8,(anonymous_3)
FNDA:5,(anonymous_4)
DA:2,2
DA:11,4
DA:16,2
DA:18,108
DA:19,108
DA:20,108
DA:23,108
DA:27,8
DA:28,8
DA:29,1
DA:32,7
DA:33,0
DA:36,7
DA:37,5
DA:40,7
DA:41,1
DA:44,6
DA:45,6
DA:47,6
DA:48,6
DA:50,6
LF:21
LH:20
BRDA:28,0,0,1
BRDA:28,0,1,7
BRDA:32,1,0,0
BRDA:32,1,1,7
BRDA:36,2,0,4
BRDA:36,2,1,3
BRDA:40,3,0,1
BRDA:40,3,1,6
BRF:8
BRH:7
end_of_record
TN:
SF:src/entities/roles/Insomniac.ts
FN:10,(anonymous_0)
FN:20,(anonymous_1)
FN:24,(anonymous_2)
FN:25,(anonymous_3)
FNF:4
FNH:4
FNDA:5,(anonymous_0)
FNDA:9,(anonymous_1)
FNDA:6,(anonymous_2)
FNDA:6,(anonymous_3)
DA:2,2
DA:10,5
DA:14,2
DA:16,9
DA:17,9
DA:18,9
DA:21,9
DA:25,6
DA:26,6
DA:27,1
DA:30,5
DA:31,5
DA:32,5
DA:34,5
LF:14
LH:14
BRDA:26,0,0,1
BRDA:26,0,1,5
BRDA:38,1,0,1
BRDA:38,1,1,4
BRF:4
BRH:4
end_of_record
TN:
SF:src/entities/roles/Joker.ts
FN:11,(anonymous_0)
FN:22,(anonymous_1)
FN:26,(anonymous_2)
FN:27,(anonymous_3)
FN:37,(anonymous_4)
FNF:5
FNH:5
FNDA:2,(anonymous_0)
FNDA:19,(anonymous_1)
FNDA:6,(anonymous_2)
FNDA:6,(anonymous_3)
FNDA:3,(anonymous_4)
DA:2,2
DA:11,2
DA:16,2
DA:18,19
DA:19,19
DA:20,19
DA:23,19
DA:27,6
DA:28,6
DA:29,1
DA:32,5
DA:33,0
DA:36,5
DA:37,3
DA:40,5
DA:41,1
DA:44,4
DA:46,4
LF:18
LH:17
BRDA:28,0,0,1
BRDA:28,0,1,5
BRDA:32,1,0,0
BRDA:32,1,1,5
BRDA:36,2,0,2
BRDA:36,2,1,3
BRDA:40,3,0,1
BRDA:40,3,1,4
BRF:8
BRH:7
end_of_record
TN:
SF:src/entities/roles/Mason.ts
FN:11,(anonymous_0)
FN:21,(anonymous_1)
FN:25,(anonymous_2)
FN:26,(anonymous_3)
FN:31,(anonymous_4)
FN:39,(anonymous_5)
FN:40,(anonymous_6)
FNF:7
FNH:6
FNDA:0,(anonymous_0)
FNDA:175,(anonymous_1)
FNDA:5,(anonymous_2)
FNDA:5,(anonymous_3)
FNDA:17,(anonymous_4)
FNDA:3,(anonymous_5)
FNDA:3,(anonymous_6)
DA:2,2
DA:5,2
DA:11,2
DA:15,2
DA:17,175
DA:18,175
DA:19,175
DA:22,175
DA:26,5
DA:27,5
DA:28,1
DA:31,4
DA:32,17
DA:33,13
DA:34,13
DA:35,13
DA:38,4
DA:39,3
DA:40,3
LF:19
LH:19
BRDA:27,0,0,1
BRDA:27,0,1,4
BRDA:32,1,0,4
BRDA:32,1,1,13
BRDA:34,2,0,13
BRDA:34,2,1,1
BRDA:35,3,0,13
BRDA:35,3,1,11
BRDA:40,4,0,2
BRDA:40,4,1,2
BRF:10
BRH:10
end_of_record
TN:
SF:src/entities/roles/Minion.ts
FN:11,(anonymous_0)
FN:21,(anonymous_1)
FN:25,(anonymous_2)
FN:26,(anonymous_3)
FN:31,(anonymous_4)
FN:34,(anonymous_5)
FN:35,(anonymous_6)
FNF:7
FNH:7
FNDA:3,(anonymous_0)
FNDA:95,(anonymous_1)
FNDA:4,(anonymous_2)
FNDA:4,(anonymous_3)
FNDA:16,(anonymous_4)
FNDA:3,(anonymous_5)
FNDA:3,(anonymous_6)
DA:2,2
DA:5,2
DA:11,3
DA:15,2
DA:17,95
DA:18,95
DA:19,95
DA:22,95
DA:26,4
DA:27,4
DA:28,1
DA:31,16
DA:33,3
DA:34,3
DA:35,3
LF:15
LH:15
BRDA:27,0,0,1
BRDA:27,0,1,3
BRDA:35,1,0,2
BRDA:35,1,1,1
BRF:4
BRH:4
end_of_record
TN:
SF:src/entities/roles/Oracle.ts
FN:10,(anonymous_0)
FN:20,(anonymous_1)
FN:24,(anonymous_2)
FN:25,(anonymous_3)
FN:84,buildVisionMessage
FN:94,(anonymous_5)
FN:103,(anonymous_6)
FN:129,(anonymous_7)
FNF:8
FNH:5
FNDA:2,(anonymous_0)
FNDA:2,(anonymous_1)
FNDA:2,(anonymous_2)
FNDA:2,(anonymous_3)
FNDA:1,buildVisionMessage
FNDA:0,(anonymous_5)
FNDA:0,(anonymous_6)
FNDA:0,(anonymous_7)
DA:2,2
DA:10,2
DA:14,2
DA:16,2
DA:17,2
DA:18,2
DA:21,2
DA:25,2
DA:26,2
DA:27,0
DA:31,2
DA:33,2
DA:34,3
DA:36,1
DA:37,1
DA:39,1
DA:40,1
DA:44,2
DA:45,1
DA:52,1
DA:53,1
DA:55,1
DA:69,2
DA:85,1
DA:87,1
DA:89,0
DA:90,0
DA:92,0
DA:93,0
DA:94,0
DA:95,0
DA:97,0
DA:101,0
DA:102,0
DA:103,0
DA:104,0
DA:106,0
DA:110,0
DA:111,0
DA:113,0
DA:114,0
DA:116,0
DA:120,0
DA:121,0
DA:123,0
DA:127,0
DA:128,0
DA:129,0
DA:130,0
DA:132,0
DA:136,1
DA:137,1
DA:139,0
DA:143,0
DA:144,0
DA:146,0
DA:150,0
DA:153,0
DA:154,0
DA:156,0
DA:160,0
DA:161,0
DA:163,0
DA:167,0
DA:168,0
DA:170,0
DA:174,0
LF:67
LH:26
BRDA:26,0,0,0
BRDA:26,0,1,2
BRDA:34,1,0,2
BRDA:34,1,1,1
BRDA:37,2,0,0
BRDA:37,2,1,1
BRDA:44,3,0,1
BRDA:44,3,1,1
BRDA:85,4,0,1
BRDA:85,4,1,0
BRDA:87,5,0,0
BRDA:87,5,1,0
BRDA:87,5,2,0
BRDA:87,5,3,0
BRDA:87,5,4,0
BRDA:87,5,5,1
BRDA:87,5,6,0
BRDA:87,5,7,0
BRDA:87,5,8,0
BRDA:87,5,9,0
BRDA:87,5,10,0
BRDA:87,5,11,0
BRDA:89,6,0,0
BRDA:89,6,1,0
BRDA:89,7,0,0
BRDA:89,7,1,0
BRDA:93,8,0,0
BRDA:93,8,1,0
BRDA:93,9,0,0
BRDA:93,9,1,0
BRDA:102,10,0,0
BRDA:102,10,1,0
BRDA:102,11,0,0
BRDA:102,11,1,0
BRDA:110,12,0,0
BRDA:110,12,1,0
BRDA:110,13,0,0
BRDA:110,13,1,0
BRDA:113,14,0,0
BRDA:113,14,1,0
BRDA:113,15,0,0
BRDA:113,15,1,0
BRDA:113,15,2,0
BRDA:120,16,0,0
BRDA:120,16,1,0
BRDA:128,17,0,0
BRDA:128,17,1,0
BRDA:128,18,0,0
BRDA:128,18,1,0
BRDA:136,19,0,1
BRDA:136,19,1,0
BRDA:143,20,0,0
BRDA:143,20,1,0
BRDA:143,21,0,0
BRDA:143,21,1,0
BRDA:153,22,0,0
BRDA:153,22,1,0
BRDA:153,23,0,0
BRDA:153,23,1,0
BRDA:160,24,0,0
BRDA:160,24,1,0
BRDA:167,25,0,0
BRDA:167,25,1,0
BRF:63
BRH:9
end_of_record
TN:
SF:src/entities/roles/Robber.ts
FN:11,(anonymous_0)
FN:22,(anonymous_1)
FN:26,(anonymous_2)
FN:27,(anonymous_3)
FN:36,(anonymous_4)
FNF:5
FNH:5
FNDA:4,(anonymous_0)
FNDA:73,(anonymous_1)
FNDA:5,(anonymous_2)
FNDA:5,(anonymous_3)
FNDA:10,(anonymous_4)
DA:2,2
DA:11,4
DA:16,2
DA:18,73
DA:19,73
DA:20,73
DA:23,73
DA:27,5
DA:28,5
DA:29,1
DA:32,4
DA:33,0
DA:36,10
DA:38,4
DA:39,0
DA:42,4
DA:43,0
DA:46,4
DA:47,4
DA:49,4
DA:50,4
DA:52,4
LF:22
LH:19
BRDA:28,0,0,1
BRDA:28,0,1,4
BRDA:32,1,0,0
BRDA:32,1,1,4
BRDA:38,2,0,0
BRDA:38,2,1,4
BRDA:42,3,0,0
BRDA:42,3,1,4
BRF:8
BRH:5
end_of_record
TN:
SF:src/entities/roles/Seer.ts
FN:6,(anonymous_0)
FN:25,(anonymous_1)
FN:29,(anonymous_2)
FN:42,(anonymous_3)
FN:46,(anonymous_4)
FN:47,(anonymous_5)
FN:57,(anonymous_6)
FN:78,(anonymous_7)
FN:79,(anonymous_8)
FNF:9
FNH:9
FNDA:2,(anonymous_0)
FNDA:4,(anonymous_1)
FNDA:1,(anonymous_2)
FNDA:83,(anonymous_3)
FNDA:6,(anonymous_4)
FNDA:6,(anonymous_5)
FNDA:9,(anonymous_6)
FNDA:1,(anonymous_7)
FNDA:2,(anonymous_8)
DA:2,2
DA:6,2
DA:7,2
DA:8,2
DA:24,2
DA:25,4
DA:29,1
DA:36,2
DA:38,83
DA:39,83
DA:40,83
DA:43,83
DA:47,6
DA:48,6
DA:49,1
DA:52,5
DA:53,4
DA:54,0
DA:57,9
DA:59,4
DA:60,0
DA:63,4
DA:64,0
DA:67,4
DA:69,4
DA:78,1
DA:79,2
DA:81,1
DA:82,0
DA:85,1
DA:86,0
DA:89,1
LF:32
LH:27
BRDA:6,0,0,2
BRDA:6,0,1,2
BRDA:48,1,0,1
BRDA:48,1,1,5
BRDA:48,2,0,6
BRDA:48,2,1,2
BRDA:52,3,0,4
BRDA:52,3,1,1
BRDA:53,4,0,0
BRDA:53,4,1,4
BRDA:59,5,0,0
BRDA:59,5,1,4
BRDA:63,6,0,0
BRDA:63,6,1,4
BRDA:81,7,0,0
BRDA:81,7,1,1
BRDA:81,8,0,1
BRDA:81,8,1,1
BRDA:85,9,0,0
BRDA:85,9,1,1
BRF:20
BRH:15
end_of_record
TN:
SF:src/entities/roles/Troublemaker.ts
FN:12,(anonymous_0)
FN:24,(anonymous_1)
FN:28,(anonymous_2)
FN:29,(anonymous_3)
FN:38,(anonymous_4)
FN:39,(anonymous_5)
FNF:6
FNH:6
FNDA:3,(anonymous_0)
FNDA:68,(anonymous_1)
FNDA:4,(anonymous_2)
FNDA:4,(anonymous_3)
FNDA:8,(anonymous_4)
FNDA:11,(anonymous_5)
DA:2,2
DA:12,3
DA:18,2
DA:20,68
DA:21,68
DA:22,68
DA:25,68
DA:29,4
DA:30,4
DA:31,1
DA:34,3
DA:35,0
DA:38,8
DA:39,11
DA:41,3
DA:42,0
DA:45,3
DA:46,0
DA:49,3
DA:50,0
DA:53,3
DA:54,3
DA:55,3
DA:57,3
LF:24
LH:20
BRDA:30,0,0,1
BRDA:30,0,1,3
BRDA:34,1,0,0
BRDA:34,1,1,3
BRDA:34,2,0,3
BRDA:34,2,1,3
BRDA:41,3,0,0
BRDA:41,3,1,3
BRDA:41,4,0,3
BRDA:41,4,1,3
BRDA:45,5,0,0
BRDA:45,5,1,3
BRDA:45,6,0,3
BRDA:45,6,1,3
BRDA:49,7,0,0
BRDA:49,7,1,3
BRF:16
BRH:12
end_of_record
TN:
SF:src/entities/roles/Warlock.ts
FN:11,(anonymous_0)
FN:22,(anonymous_1)
FN:26,(anonymous_2)
FN:27,(anonymous_3)
FN:36,(anonymous_4)
FNF:5
FNH:5
FNDA:2,(anonymous_0)
FNDA:2,(anonymous_1)
FNDA:2,(anonymous_2)
FNDA:2,(anonymous_3)
FNDA:3,(anonymous_4)
DA:2,2
DA:11,2
DA:16,2
DA:18,2
DA:19,2
DA:20,2
DA:23,2
DA:27,2
DA:28,2
DA:29,0
DA:32,2
DA:33,0
DA:36,3
DA:38,2
DA:39,0
DA:42,2
DA:43,1
DA:46,1
DA:47,0
DA:51,1
DA:52,1
DA:55,1
DA:56,1
DA:57,1
DA:59,1
LF:25
LH:21
BRDA:28,0,0,0
BRDA:28,0,1,2
BRDA:32,1,0,0
BRDA:32,1,1,2
BRDA:32,2,0,2
BRDA:32,2,1,2
BRDA:38,3,0,0
BRDA:38,3,1,2
BRDA:42,4,0,1
BRDA:42,4,1,1
BRDA:46,5,0,0
BRDA:46,5,1,1
BRF:12
BRH:8
end_of_record
TN:
SF:src/entities/roles/Werewolf.ts
FN:11,(anonymous_0)
FN:21,(anonymous_1)
FN:25,(anonymous_2)
FN:26,(anonymous_3)
FN:31,(anonymous_4)
FN:36,(anonymous_5)
FN:37,(anonymous_6)
FNF:7
FNH:7
FNDA:3,(anonymous_0)
FNDA:162,(anonymous_1)
FNDA:4,(anonymous_2)
FNDA:4,(anonymous_3)
FNDA:14,(anonymous_4)
FNDA:1,(anonymous_5)
FNDA:1,(anonymous_6)
DA:2,2
DA:5,2
DA:11,3
DA:15,2
DA:17,162
DA:18,162
DA:19,162
DA:22,162
DA:26,4
DA:27,4
DA:28,1
DA:31,14
DA:33,3
DA:34,1
DA:36,1
DA:37,1
DA:40,2
DA:41,0
DA:44,2
DA:46,2
LF:20
LH:19
BRDA:27,0,0,1
BRDA:27,0,1,3
BRDA:31,1,0,14
BRDA:31,1,1,4
BRDA:33,2,0,1
BRDA:33,2,1,2
BRDA:40,3,0,0
BRDA:40,3,1,2
BRF:8
BRH:7
end_of_record
TN:
SF:src/entities/roles/roleId.ts
FN:16,roleIdOf
FNF:1
FNH:1
FNDA:63,roleIdOf
DA:1,2
DA:16,2
DA:17,63
LF:3
LH:3
BRDA:17,0,0,63
BRDA:17,0,1,0
BRF:2
BRH:1
end_of_record
TN:
SF:src/routes/gameRoutes.ts
FNF:0
FNH:0
DA:1,0
DA:2,0
DA:5,0
DA:8,0
DA:11,0
DA:14,0
DA:16,0
DA:18,0
DA:20,0
LF:9
LH:0
BRF:0
BRH:0
end_of_record
TN:
SF:src/socket/socketHandlers/connectionHandler.ts
FN:5,registerConnectionHandler
FN:8,(anonymous_1)
FN:12,(anonymous_2)
FNF:3
FNH:0
FNDA:0,registerConnectionHandler
FNDA:0,(anonymous_1)
FNDA:0,(anonymous_2)
DA:1,0
DA:2,0
DA:5,0
DA:6,0
DA:8,0
DA:9,0
DA:10,0
DA:11,0
DA:12,0
DA:14,0
DA:16,0
DA:17,0
DA:18,0
DA:19,0
DA:20,0
DA:21,0
DA:25,0
DA:30,0
DA:31,0
DA:32,0
DA:33,0
DA:35,0
DA:37,0
DA:39,0
DA:40,0
DA:43,0
LF:26
LH:0
BRDA:11,0,0,0
BRDA:11,0,1,0
BRDA:16,1,0,0
BRDA:16,1,1,0
BRDA:16,2,0,0
BRDA:16,2,1,0
BRDA:17,3,0,0
BRDA:17,3,1,0
BRDA:18,4,0,0
BRDA:18,4,1,0
BRDA:20,5,0,0
BRDA:20,5,1,0
BRDA:32,6,0,0
BRDA:32,6,1,0
BRDA:39,7,0,0
BRDA:39,7,1,0
BRF:16
BRH:0
end_of_record
TN:
SF:src/socket/socketHandlers/gameHandlers.ts
FN:9,pickRandomName
FN:10,(anonymous_1)
FN:11,(anonymous_2)
FN:17,registerGameHandlers
FN:20,(anonymous_4)
FN:39,(anonymous_5)
FN:50,(anonymous_6)
FN:62,(anonymous_7)
FN:69,(anonymous_8)
FN:74,(anonymous_9)
FN:117,(anonymous_10)
FN:123,(anonymous_11)
FN:128,(anonymous_12)
FN:135,(anonymous_13)
FNF:14
FNH:0
FNDA:0,pickRandomName
FNDA:0,(anonymous_1)
FNDA:0,(anonymous_2)
FNDA:0,registerGameHandlers
FNDA:0,(anonymous_4)
FNDA:0,(anonymous_5)
FNDA:0,(anonymous_6)
FNDA:0,(anonymous_7)
FNDA:0,(anonymous_8)
FNDA:0,(anonymous_9)
FNDA:0,(anonymous_10)
FNDA:0,(anonymous_11)
FNDA:0,(anonymous_12)
FNDA:0,(anonymous_13)
DA:1,0
DA:3,0
DA:7,0
DA:10,0
DA:11,0
DA:12,0
DA:13,0
DA:17,0
DA:18,0
DA:20,0
DA:21,0
DA:22,0
DA:23,0
DA:25,0
DA:26,0
DA:29,0
DA:30,0
DA:33,0
DA:35,0
DA:36,0
DA:39,0
DA:40,0
DA:41,0
DA:44,0
DA:45,0
DA:46,0
DA:47,0
DA:50,0
DA:51,0
DA:52,0
DA:55,0
DA:56,0
DA:57,0
DA:59,0
DA:62,0
DA:63,0
DA:64,0
DA:65,0
DA:66,0
DA:69,0
DA:70,0
DA:71,0
DA:74,0
DA:75,0
DA:77,0
DA:78,0
DA:79,0
DA:81,0
DA:84,0
DA:85,0
DA:86,0
DA:87,0
DA:89,0
DA:91,0
DA:92,0
DA:98,0
DA:99,0
DA:102,0
DA:103,0
DA:106,0
DA:107,0
DA:108,0
DA:109,0
DA:110,0
DA:111,0
DA:114,0
DA:117,0
DA:118,0
DA:119,0
DA:120,0
DA:123,0
DA:124,0
DA:125,0
DA:128,0
DA:129,0
DA:130,0
DA:131,0
DA:132,0
DA:135,0
DA:136,0
DA:137,0
LF:81
LH:0
BRDA:12,0,0,0
BRDA:12,0,1,0
BRDA:25,1,0,0
BRDA:25,1,1,0
BRDA:25,2,0,0
BRDA:25,2,1,0
BRDA:29,3,0,0
BRDA:29,3,1,0
BRDA:35,4,0,0
BRDA:35,4,1,0
BRDA:35,5,0,0
BRDA:35,5,1,0
BRDA:40,6,0,0
BRDA:40,6,1,0
BRDA:46,7,0,0
BRDA:46,7,1,0
BRDA:51,8,0,0
BRDA:51,8,1,0
BRDA:85,9,0,0
BRDA:85,9,1,0
BRDA:95,10,0,0
BRDA:95,10,1,0
BRDA:106,11,0,0
BRDA:106,11,1,0
BRDA:106,12,0,0
BRDA:106,12,1,0
BRF:26
BRH:0
end_of_record
TN:
SF:src/socket/socketHandlers/playerHandlers.ts
FN:5,registerPlayerHandlers
FN:8,(anonymous_1)
FN:12,(anonymous_2)
FN:14,(anonymous_3)
FN:37,(anonymous_4)
FN:47,(anonymous_5)
FN:59,(anonymous_6)
FN:71,(anonymous_7)
FN:82,(anonymous_8)
FN:85,(anonymous_9)
FN:88,(anonymous_10)
FN:101,(anonymous_11)
FN:108,(anonymous_12)
FN:112,(anonymous_13)
FNF:14
FNH:0
FNDA:0,registerPlayerHandlers
FNDA:0,(anonymous_1)
FNDA:0,(anonymous_2)
FNDA:0,(anonymous_3)
FNDA:0,(anonymous_4)
FNDA:0,(anonymous_5)
FNDA:0,(anonymous_6)
FNDA:0,(anonymous_7)
FNDA:0,(anonymous_8)
FNDA:0,(anonymous_9)
FNDA:0,(anonymous_10)
FNDA:0,(anonymous_11)
FNDA:0,(anonymous_12)
FNDA:0,(anonymous_13)
DA:1,0
DA:2,0
DA:3,0
DA:5,0
DA:6,0
DA:8,0
DA:9,0
DA:10,0
DA:12,0
DA:13,0
DA:14,0
DA:17,0
DA:18,0
DA:19,0
DA:21,0
DA:25,0
DA:26,0
DA:27,0
DA:29,0
DA:31,0
DA:32,0
DA:34,0
DA:37,0
DA:38,0
DA:39,0
DA:41,0
DA:42,0
DA:44,0
DA:47,0
DA:48,0
DA:50,0
DA:51,0
DA:54,0
DA:55,0
DA:56,0
DA:59,0
DA:60,0
DA:61,0
DA:64,0
DA:65,0
DA:66,0
DA:68,0
DA:71,0
DA:72,0
DA:73,0
DA:74,0
DA:76,0
DA:77,0
DA:79,0
DA:82,0
DA:83,0
DA:85,0
DA:86,0
DA:88,0
DA:89,0
DA:90,0
DA:91,0
DA:93,0
DA:94,0
DA:96,0
DA:98,0
DA:101,0
DA:102,0
DA:103,0
DA:104,0
DA:105,0
DA:108,0
DA:109,0
DA:112,0
DA:113,0
DA:115,0
DA:116,0
DA:118,0
LF:73
LH:0
BRDA:13,0,0,0
BRDA:13,0,1,0
BRDA:17,1,0,0
BRDA:17,1,1,0
BRDA:18,2,0,0
BRDA:18,2,1,0
BRDA:39,3,0,0
BRDA:39,3,1,0
BRDA:50,4,0,0
BRDA:50,4,1,0
BRDA:55,5,0,0
BRDA:55,5,1,0
BRDA:55,6,0,0
BRDA:55,6,1,0
BRDA:59,7,0,0
BRDA:59,7,1,0
BRDA:60,8,0,0
BRDA:60,8,1,0
BRDA:73,9,0,0
BRDA:73,9,1,0
BRDA:74,10,0,0
BRDA:74,10,1,0
BRDA:77,11,0,0
BRDA:77,11,1,0
BRDA:86,12,0,0
BRDA:86,12,1,0
BRDA:105,13,0,0
BRDA:105,13,1,0
BRDA:115,14,0,0
BRDA:115,14,1,0
BRF:30
BRH:0
end_of_record
TN:
SF:src/socket/socketHandlers/shared.ts
FN:21,safeHandler
FN:26,(anonymous_1)
FN:36,getGameOrThrow
FN:42,assertHost
FN:46,transferHostIfNeeded
FN:55,(anonymous_5)
FNF:6
FNH:0
FNDA:0,safeHandler
FNDA:0,(anonymous_1)
FNDA:0,getGameOrThrow
FNDA:0,assertHost
FNDA:0,transferHostIfNeeded
FNDA:0,(anonymous_5)
DA:2,0
DA:21,0
DA:26,0
DA:27,0
DA:28,0
DA:30,0
DA:31,0
DA:36,0
DA:37,0
DA:38,0
DA:39,0
DA:42,0
DA:43,0
DA:46,0
DA:47,0
DA:48,0
DA:50,0
DA:51,0
DA:52,0
DA:55,0
DA:56,0
DA:58,0
DA:59,0
DA:60,0
LF:24
LH:0
BRDA:31,0,0,0
BRDA:31,0,1,0
BRDA:38,1,0,0
BRDA:38,1,1,0
BRDA:43,2,0,0
BRDA:43,2,1,0
BRDA:47,3,0,0
BRDA:47,3,1,0
BRDA:48,4,0,0
BRDA:48,4,1,0
BRDA:50,5,0,0
BRDA:50,5,1,0
BRDA:58,6,0,0
BRDA:58,6,1,0
BRF:14
BRH:0
end_of_record
TN:
SF:src/socket/socketHandlers/voiceHandlers.ts
FN:5,registerVoiceHandlers
FN:9,(anonymous_1)
FN:46,(anonymous_2)
FN:66,(anonymous_3)
FN:95,(anonymous_4)
FN:122,(anonymous_5)
FNF:6
FNH:0
FNDA:0,registerVoiceHandlers
FNDA:0,(anonymous_1)
FNDA:0,(anonymous_2)
FNDA:0,(anonymous_3)
FNDA:0,(anonymous_4)
FNDA:0,(anonymous_5)
DA:1,0
DA:2,0
DA:5,0
DA:6,0
DA:9,0
DA:10,0
DA:11,0
DA:12,0
DA:13,0
DA:16,0
DA:17,0
DA:18,0
DA:19,0
DA:22,0
DA:24,0
DA:25,0
DA:26,0
DA:29,0
DA:30,0
DA:31,0
DA:34,0
DA:36,0
DA:38,0
DA:42,0
DA:46,0
DA:47,0
DA:48,0
DA:49,0
DA:51,0
DA:53,0
DA:55,0
DA:56,0
DA:57,0
DA:60,0
DA:66,0
DA:67,0
DA:68,0
DA:70,0
DA:71,0
DA:72,0
DA:73,0
DA:74,0
DA:75,0
DA:78,0
DA:81,0
DA:82,0
DA:84,0
DA:85,0
DA:89,0
DA:95,0
DA:96,0
DA:98,0
DA:99,0
DA:100,0
DA:101,0
DA:102,0
DA:105,0
DA:108,0
DA:109,0
DA:111,0
DA:112,0
DA:116,0
DA:122,0
DA:123,0
DA:125,0
DA:126,0
DA:127,0
DA:128,0
DA:129,0
DA:132,0
DA:135,0
DA:136,0
DA:138,0
DA:139,0
DA:143,0
LF:75
LH:0
BRDA:11,0,0,0
BRDA:11,0,1,0
BRDA:17,1,0,0
BRDA:17,1,1,0
BRDA:24,2,0,0
BRDA:24,2,1,0
BRDA:29,3,0,0
BRDA:29,3,1,0
BRDA:48,4,0,0
BRDA:48,4,1,0
BRDA:55,5,0,0
BRDA:55,5,1,0
BRDA:72,6,0,0
BRDA:72,6,1,0
BRDA:78,7,0,0
BRDA:78,7,1,0
BRDA:84,8,0,0
BRDA:84,8,1,0
BRDA:86,9,0,0
BRDA:86,9,1,0
BRDA:100,10,0,0
BRDA:100,10,1,0
BRDA:105,11,0,0
BRDA:105,11,1,0
BRDA:111,12,0,0
BRDA:111,12,1,0
BRDA:127,13,0,0
BRDA:127,13,1,0
BRDA:132,14,0,0
BRDA:132,14,1,0
BRDA:138,15,0,0
BRDA:138,15,1,0
BRF:32
BRH:0
end_of_record
TN:
SF:src/types/result.types.ts
FN:14,(anonymous_0)
FNF:1
FNH:0
FNDA:0,(anonymous_0)
DA:14,0
LF:1
LH:0
BRDA:14,0,0,0
BRDA:14,0,1,0
BRF:2
BRH:0
end_of_record
TN:
SF:src/types/voice.types.ts
FNF:0
FNH:0
DA:5,0
LF:1
LH:0
BRF:0
BRH:0
end_of_record
TN:
SF:src/utils/Logger.ts
FN:9,(anonymous_1)
FN:15,(anonymous_2)
FN:22,(anonymous_3)
FN:27,(anonymous_4)
FN:34,(anonymous_5)
FN:37,(anonymous_6)
FN:40,(anonymous_7)
FN:44,(anonymous_8)
FN:47,(anonymous_9)
FN:50,(anonymous_10)
FN:53,(anonymous_11)
FN:56,(anonymous_12)
FNF:12
FNH:0
FNDA:0,(anonymous_1)
FNDA:0,(anonymous_2)
FNDA:0,(anonymous_3)
FNDA:0,(anonymous_4)
FNDA:0,(anonymous_5)
FNDA:0,(anonymous_6)
FNDA:0,(anonymous_7)
FNDA:0,(anonymous_8)
FNDA:0,(anonymous_9)
FNDA:0,(anonymous_10)
FNDA:0,(anonymous_11)
FNDA:0,(anonymous_12)
DA:1,0
DA:2,0
DA:3,0
DA:5,0
DA:10,0
DA:11,0
DA:12,0
DA:16,0
DA:17,0
DA:19,0
DA:23,0
DA:24,0
DA:28,0
DA:29,0
DA:30,0
DA:32,0
DA:35,0
DA:38,0
DA:41,0
DA:42,0
DA:45,0
DA:48,0
DA:51,0
DA:54,0
DA:57,0
LF:25
LH:0
BRDA:16,0,0,0
BRDA:16,0,1,0
BRDA:23,1,0,0
BRDA:23,1,1,0
BRDA:29,2,0,0
BRDA:29,2,1,0
BRF:6
BRH:0
end_of_record
